[2026-05-08 11:10:55] [info] Start Program:
Path:"C:\\reviewer\\SampleOrderSystem-AnJunHo-14024910\\bin\\Debug\\SampleOrderSystemTests.exe"
Arguments:
Working directory: not set.
Modules: Selected: C:\reviewer\SampleOrderSystem-AnJunHo-14024910\bin\Debug\SampleOrderSystemTests.exe Excluded: 
Sources: Selected: C:\reviewer\SampleOrderSystem-AnJunHo-14024910\src Excluded: 
Log Level: Normal
Cover Children: 0
Aggregate by file: 1
Continue after C++ exception: 0
Optimized build support: 0
Export: html C:\reviewer\SampleOrderSystem-AnJunHo-14024910\Coverage 
Input coverage: 
Unified diff: 
Excluded line regular expressions: 
Substitute pdb source paths: 
[2026-05-08 11:10:55] [info] Module: C:\reviewer\SampleOrderSystem-AnJunHo-14024910\bin\Debug\SampleOrderSystemTests.exe is selected because it matches selected pattern: C:\reviewer\SampleOrderSystem-AnJunHo-14024910\bin\Debug\SampleOrderSystemTests.exe
[2026-05-08 11:10:55] [info] ----------------------------------------------------
[2026-05-08 11:10:55] [info] Coverage generated in Folder C:\reviewer\SampleOrderSystem-AnJunHo-14024910\Coverage
[2026-05-08 11:10:55] [info] ----------------------------------------------------
[2026-05-08 11:10:55] [info] The code coverage report is not what you expect? See the FAQ https://github.com/OpenCppCoverage/OpenCppCoverage/wiki/FAQ.
